2025-01-09 15:24:49.019 [main.py:25] : FastAPI т║ћућетљ»тіе
2025-01-09 15:28:55.546 [main.py:29] : FastAPI т║ћућетЁ│жЌГ
2025-01-09 15:28:57.090 [main.py:25] : FastAPI т║ћућетљ»тіе
2025-01-09 15:38:05.584 [main.py:29] : FastAPI т║ћућетЁ│жЌГ
2025-01-09 15:38:06.318 [main.py:25] : FastAPI т║ћућетљ»тіе
2025-01-09 15:39:50.276 [main.py:29] : FastAPI т║ћућетЁ│жЌГ
2025-01-09 15:39:50.888 [main.py:25] : FastAPI т║ћућетљ»тіе
2025-01-09 15:41:33.401 [main.py:29] : FastAPI т║ћућетЁ│жЌГ
2025-01-09 15:41:34.049 [main.py:25] : FastAPI т║ћућетљ»тіе
2025-01-09 15:42:44.515 [main.py:29] : FastAPI т║ћућетЁ│жЌГ
2025-01-09 15:42:45.310 [main.py:25] : FastAPI т║ћућетљ»тіе
2025-01-09 15:48:03.366 [main.py:29] : FastAPI т║ћућетЁ│жЌГ
2025-01-09 15:48:04.429 [main.py:25] : FastAPI т║ћућетљ»тіе
2025-01-09 15:49:24.604 [main.py:29] : FastAPI т║ћућетЁ│жЌГ
2025-01-09 15:49:25.228 [main.py:25] : FastAPI т║ћућетљ»тіе
2025-01-09 15:52:04.887 [main.py:29] : FastAPI т║ћућетЁ│жЌГ
2025-01-09 15:52:05.483 [main.py:25] : FastAPI т║ћућетљ»тіе
2025-01-09 15:53:02.987 [main.py:29] : FastAPI т║ћућетЁ│жЌГ
2025-01-09 15:53:03.640 [main.py:25] : FastAPI т║ћућетљ»тіе
2025-01-09 15:55:14.005 [main.py:29] : FastAPI т║ћућетЁ│жЌГ
2025-01-09 15:55:14.658 [main.py:25] : FastAPI т║ћућетљ»тіе
2025-01-09 15:55:28.687 [main.py:29] : FastAPI т║ћућетЁ│жЌГ
2025-01-09 15:55:29.290 [main.py:25] : FastAPI т║ћућетљ»тіе
2025-01-09 16:03:25.391 [main.py:29] : FastAPI т║ћућетЁ│жЌГ
2025-01-09 16:03:26.031 [main.py:25] : FastAPI т║ћућетљ»тіе
2025-01-09 16:03:51.910 [main.py:29] : FastAPI т║ћућетЁ│жЌГ
2025-01-09 16:03:52.512 [main.py:25] : FastAPI т║ћућетљ»тіе
2025-01-09 16:04:12.821 [main.py:29] : FastAPI т║ћућетЁ│жЌГ
2025-01-09 16:04:13.392 [main.py:25] : FastAPI т║ћућетљ»тіе
2025-01-09 16:26:01.243 [main.py:29] : FastAPI т║ћућетЁ│жЌГ
2025-01-09 16:26:01.923 [main.py:25] : FastAPI т║ћућетљ»тіе
2025-01-09 16:26:02.626 [main.py:29] : FastAPI т║ћућетЁ│жЌГ
2025-01-09 16:26:03.157 [main.py:25] : FastAPI т║ћућетљ»тіе
2025-01-09 16:27:07.767 [main.py:29] : FastAPI т║ћућетЁ│жЌГ
2025-01-09 16:27:08.354 [main.py:25] : FastAPI т║ћућетљ»тіе
2025-01-09 16:27:20.178 [main.py:29] : FastAPI т║ћућетЁ│жЌГ
2025-01-09 16:27:20.790 [main.py:25] : FastAPI т║ћућетљ»тіе
2025-01-09 18:30:07.270 [main.py:29] : FastAPI т║ћућетЁ│жЌГ
2025-01-09 18:30:08.056 [main.py:25] : FastAPI т║ћућетљ»тіе
2025-01-09 18:30:20.474 [main.py:29] : FastAPI т║ћућетЁ│жЌГ
2025-01-09 18:30:21.195 [main.py:25] : FastAPI т║ћућетљ»тіе
2025-01-09 18:30:28.273 [main.py:29] : FastAPI т║ћућетЁ│жЌГ
2025-01-09 18:30:28.874 [main.py:25] : FastAPI т║ћућетљ»тіе
2025-01-09 18:32:50.197 [main.py:29] : FastAPI т║ћућетЁ│жЌГ
2025-01-09 18:32:50.881 [main.py:25] : FastAPI т║ћућетљ»тіе
2025-01-09 18:33:11.813 [main.py:29] : FastAPI т║ћућетЁ│жЌГ
2025-01-09 18:33:12.719 [main.py:25] : FastAPI т║ћућетљ»тіе
2025-01-09 18:48:15.461 [main.py:29] : FastAPI т║ћућетЁ│жЌГ
2025-01-09 18:48:16.900 [main.py:25] : FastAPI т║ћућетљ»тіе
2025-01-09 18:51:04.154 [main.py:29] : FastAPI т║ћућетЁ│жЌГ
2025-01-09 18:51:05.078 [main.py:25] : FastAPI т║ћућетљ»тіе
2025-01-09 18:51:07.734 [main.py:29] : FastAPI т║ћућетЁ│жЌГ
2025-01-09 18:51:08.527 [main.py:25] : FastAPI т║ћућетљ»тіе
2025-01-09 18:53:12.483 [main.py:29] : FastAPI т║ћућетЁ│жЌГ
2025-01-09 18:53:13.315 [main.py:25] : FastAPI т║ћућетљ»тіе
2025-01-09 18:54:23.890 [main.py:29] : FastAPI т║ћућетЁ│жЌГ
2025-01-09 18:54:24.721 [main.py:25] : FastAPI т║ћућетљ»тіе
2025-01-09 18:55:03.483 [main.py:29] : FastAPI т║ћућетЁ│жЌГ
2025-01-09 18:55:04.372 [main.py:25] : FastAPI т║ћућетљ»тіе
2025-01-09 18:56:09.249 [main.py:29] : FastAPI т║ћућетЁ│жЌГ
2025-01-09 18:56:10.040 [main.py:25] : FastAPI т║ћућетљ»тіе
2025-01-09 18:57:33.191 [main.py:29] : FastAPI т║ћућетЁ│жЌГ
2025-01-09 18:57:34.004 [main.py:25] : FastAPI т║ћућетљ»тіе
2025-01-09 18:57:40.452 [main.py:29] : FastAPI т║ћућетЁ│жЌГ
2025-01-09 18:57:41.288 [main.py:25] : FastAPI т║ћућетљ»тіе
2025-01-09 22:03:47.867 [main.py:25] : FastAPI МдМ├кЗХ»
2025-01-09 23:25:01.536 [main.py:29] : FastAPI МдМ├╣п▒Н
2025-01-10 12:19:30.399 [main.py:25] : FastAPI т║ћућетљ»тіе
2025-01-10 14:12:25.769 [main.py:29] : FastAPI т║ћућетЁ│жЌГ
2025-01-10 14:12:27.166 [main.py:25] : FastAPI т║ћућетљ»тіе
2025-01-10 14:15:17.139 [main.py:29] : FastAPI т║ћућетЁ│жЌГ
2025-01-10 14:15:18.268 [main.py:25] : FastAPI т║ћућетљ»тіе
2025-01-10 14:19:09.926 [main.py:29] : FastAPI т║ћућетЁ│жЌГ
2025-01-10 14:19:10.889 [main.py:25] : FastAPI т║ћућетљ»тіе
2025-01-10 14:19:18.278 [main.py:29] : FastAPI т║ћућетЁ│жЌГ
2025-01-10 14:19:19.129 [main.py:25] : FastAPI т║ћућетљ»тіе
2025-01-10 14:28:39.606 [main.py:29] : FastAPI т║ћућетЁ│жЌГ
2025-01-10 14:28:40.695 [main.py:25] : FastAPI т║ћућетљ»тіе
2025-01-10 14:28:53.727 [main.py:29] : FastAPI т║ћућетЁ│жЌГ
2025-01-10 14:28:54.393 [main.py:25] : FastAPI т║ћућетљ»тіе
2025-01-10 14:29:30.154 [main.py:29] : FastAPI т║ћућетЁ│жЌГ
2025-01-10 14:29:30.852 [main.py:25] : FastAPI т║ћућетљ»тіе
2025-01-10 14:29:50.187 [main.py:29] : FastAPI т║ћућетЁ│жЌГ
2025-01-10 14:29:51.227 [main.py:25] : FastAPI т║ћућетљ»тіе
2025-01-10 14:30:21.798 [main.py:29] : FastAPI т║ћућетЁ│жЌГ
2025-01-10 14:30:22.510 [main.py:25] : FastAPI т║ћућетљ»тіе
2025-01-10 14:31:06.937 [main.py:29] : FastAPI т║ћућетЁ│жЌГ
2025-01-10 14:31:07.680 [main.py:25] : FastAPI т║ћућетљ»тіе
2025-01-10 14:31:42.760 [main.py:29] : FastAPI т║ћућетЁ│жЌГ
2025-01-10 14:31:43.694 [main.py:25] : FastAPI т║ћућетљ»тіе
2025-01-10 14:33:08.119 [main.py:29] : FastAPI т║ћућетЁ│жЌГ
2025-01-10 14:33:22.905 [main.py:25] : FastAPI т║ћућетљ»тіе
2025-01-10 14:34:57.981 [main.py:29] : FastAPI т║ћућетЁ│жЌГ
2025-01-10 14:34:59.437 [main.py:25] : FastAPI т║ћућетљ»тіе
2025-01-10 14:35:55.897 [main.py:29] : FastAPI т║ћућетЁ│жЌГ
2025-01-10 14:35:56.802 [main.py:25] : FastAPI т║ћућетљ»тіе
2025-01-10 14:37:24.608 [main.py:29] : FastAPI т║ћућетЁ│жЌГ
2025-01-10 14:37:25.488 [main.py:25] : FastAPI т║ћућетљ»тіе
2025-01-10 14:38:04.911 [main.py:29] : FastAPI т║ћућетЁ│жЌГ
2025-01-10 14:38:06.051 [main.py:25] : FastAPI т║ћућетљ»тіе
2025-01-10 14:38:23.824 [main.py:29] : FastAPI т║ћућетЁ│жЌГ
2025-01-10 14:38:24.715 [main.py:25] : FastAPI т║ћућетљ»тіе
2025-01-10 14:38:25.669 [main.py:29] : FastAPI т║ћућетЁ│жЌГ
2025-01-10 14:38:26.530 [main.py:25] : FastAPI т║ћућетљ»тіе
2025-01-10 14:42:05.028 [main.py:29] : FastAPI т║ћућетЁ│жЌГ
2025-01-10 14:42:06.124 [main.py:25] : FastAPI т║ћућетљ»тіе
2025-01-10 14:42:13.832 [main.py:29] : FastAPI т║ћућетЁ│жЌГ
2025-01-10 14:42:14.612 [main.py:25] : FastAPI т║ћућетљ»тіе
2025-01-10 14:43:25.399 [main.py:29] : FastAPI т║ћућетЁ│жЌГ
2025-01-10 14:43:26.228 [main.py:25] : FastAPI т║ћућетљ»тіе
2025-01-10 14:47:41.156 [main.py:29] : FastAPI т║ћућетЁ│жЌГ
2025-01-10 14:47:42.041 [main.py:25] : FastAPI т║ћућетљ»тіе
2025-01-10 14:47:50.954 [main.py:29] : FastAPI т║ћућетЁ│жЌГ
2025-01-10 14:47:52.508 [main.py:25] : FastAPI т║ћућетљ»тіе
2025-01-10 14:52:28.576 [main.py:29] : FastAPI т║ћућетЁ│жЌГ
2025-01-10 14:52:29.616 [main.py:25] : FastAPI т║ћућетљ»тіе
2025-01-10 14:53:49.715 [main.py:29] : FastAPI т║ћућетЁ│жЌГ
2025-01-10 14:53:50.513 [main.py:25] : FastAPI т║ћућетљ»тіе
2025-01-10 14:53:54.865 [main.py:29] : FastAPI т║ћућетЁ│жЌГ
2025-01-10 14:53:55.551 [main.py:25] : FastAPI т║ћућетљ»тіе
2025-01-10 14:54:00.975 [main.py:29] : FastAPI т║ћућетЁ│жЌГ
2025-01-10 14:54:01.641 [main.py:25] : FastAPI т║ћућетљ»тіе
2025-01-10 14:54:26.929 [main.py:29] : FastAPI т║ћућетЁ│жЌГ
2025-01-10 14:54:27.742 [main.py:25] : FastAPI т║ћућетљ»тіе
2025-01-10 14:55:09.972 [main.py:29] : FastAPI т║ћућетЁ│жЌГ
2025-01-10 14:55:10.788 [main.py:25] : FastAPI т║ћућетљ»тіе
2025-01-10 14:59:49.112 [main.py:29] : FastAPI т║ћућетЁ│жЌГ
2025-01-10 14:59:50.166 [main.py:25] : FastAPI т║ћућетљ»тіе
2025-01-10 15:00:31.165 [main.py:29] : FastAPI т║ћућетЁ│жЌГ
2025-01-10 15:00:32.064 [main.py:25] : FastAPI т║ћућетљ»тіе
2025-01-10 15:04:12.279 [main.py:29] : FastAPI т║ћућетЁ│жЌГ
2025-01-10 15:04:13.093 [main.py:25] : FastAPI т║ћућетљ»тіе
2025-01-10 15:04:36.307 [main.py:29] : FastAPI т║ћућетЁ│жЌГ
2025-01-10 15:04:37.242 [main.py:25] : FastAPI т║ћућетљ»тіе
2025-01-10 15:04:56.392 [main.py:29] : FastAPI т║ћућетЁ│жЌГ
2025-01-10 15:04:57.306 [main.py:25] : FastAPI т║ћућетљ»тіе
2025-01-10 15:05:34.299 [main.py:29] : FastAPI т║ћућетЁ│жЌГ
2025-01-10 15:05:35.061 [main.py:25] : FastAPI т║ћућетљ»тіе
2025-01-10 15:05:56.814 [main.py:29] : FastAPI т║ћућетЁ│жЌГ
2025-01-10 15:05:57.505 [main.py:25] : FastAPI т║ћућетљ»тіе
2025-01-10 15:06:01.296 [main.py:29] : FastAPI т║ћућетЁ│жЌГ
2025-01-10 15:06:01.962 [main.py:25] : FastAPI т║ћућетљ»тіе
2025-01-10 15:08:05.007 [main.py:29] : FastAPI т║ћућетЁ│жЌГ
2025-01-10 15:08:06.350 [main.py:25] : FastAPI т║ћућетљ»тіе
2025-01-10 15:08:35.878 [damai.py:207] : УјитЈќтцДж║дуйЉТЋ░ТЇ«тц▒У┤Ц№╝ї
ТјЦтЈБ: get_user_info_web, 
жћЎУ»»: invalid literal for int() with base 10: ''
2025-01-10 15:12:34.758 [main.py:29] : FastAPI т║ћућетЁ│жЌГ
2025-01-10 15:12:35.977 [main.py:25] : FastAPI т║ћућетљ»тіе
2025-01-10 15:18:16.704 [main.py:29] : FastAPI т║ћућетЁ│жЌГ
2025-01-10 15:18:18.353 [main.py:25] : FastAPI т║ћућетљ»тіе
2025-01-10 15:23:09.653 [main.py:29] : FastAPI т║ћућетЁ│жЌГ
2025-01-10 15:23:10.614 [main.py:25] : FastAPI т║ћућетљ»тіе
2025-01-10 15:36:29.264 [main.py:29] : FastAPI т║ћућетЁ│жЌГ
2025-01-10 15:36:30.967 [main.py:25] : FastAPI т║ћућетљ»тіе
2025-01-10 15:36:39.825 [main.py:29] : FastAPI т║ћућетЁ│жЌГ
2025-01-10 15:36:41.217 [main.py:25] : FastAPI т║ћућетљ»тіе
2025-01-10 15:40:14.720 [main.py:29] : FastAPI т║ћућетЁ│жЌГ
2025-01-10 15:40:16.257 [main.py:25] : FastAPI т║ћућетљ»тіе
2025-01-10 15:41:05.746 [main.py:29] : FastAPI т║ћућетЁ│жЌГ
2025-01-10 15:41:06.713 [main.py:25] : FastAPI т║ћућетљ»тіе
2025-01-10 15:41:58.648 [main.py:29] : FastAPI т║ћућетЁ│жЌГ
2025-01-10 16:02:31.667 [main.py:25] : FastAPI т║ћућетљ»тіе
2025-01-10 16:03:16.986 [main.py:29] : FastAPI т║ћућетЁ│жЌГ
2025-01-10 16:03:17.884 [main.py:25] : FastAPI т║ћућетљ»тіе
2025-01-10 16:05:33.359 [main.py:29] : FastAPI т║ћућетЁ│жЌГ
2025-01-10 16:05:34.809 [main.py:25] : FastAPI т║ћућетљ»тіе
2025-01-10 16:05:39.793 [main.py:29] : FastAPI т║ћућетЁ│жЌГ
2025-01-10 16:05:40.716 [main.py:25] : FastAPI т║ћућетљ»тіе
2025-01-10 16:05:51.154 [main.py:29] : FastAPI т║ћућетЁ│жЌГ
2025-01-10 16:05:52.120 [main.py:25] : FastAPI т║ћућетљ»тіе
2025-01-10 16:06:22.501 [main.py:29] : FastAPI т║ћућетЁ│жЌГ
2025-01-10 16:06:23.782 [main.py:25] : FastAPI т║ћућетљ»тіе
2025-01-10 16:44:54.676 [main.py:29] : FastAPI т║ћућетЁ│жЌГ
2025-01-10 16:45:06.946 [main.py:25] : FastAPI т║ћућетљ»тіе
2025-01-10 17:12:00.456 [main.py:29] : FastAPI т║ћућетЁ│жЌГ
2025-01-10 17:12:03.515 [main.py:25] : FastAPI т║ћућетљ»тіе
2025-01-10 17:12:45.503 [main.py:29] : FastAPI т║ћућетЁ│жЌГ
2025-01-10 17:12:46.368 [main.py:25] : FastAPI т║ћућетљ»тіе
2025-01-10 17:13:28.630 [main.py:29] : FastAPI т║ћућетЁ│жЌГ
2025-01-10 17:13:29.677 [main.py:25] : FastAPI т║ћућетљ»тіе
2025-01-10 17:13:35.410 [main.py:29] : FastAPI т║ћућетЁ│жЌГ
2025-01-10 17:13:36.336 [main.py:25] : FastAPI т║ћућетљ»тіе
2025-01-10 17:13:39.307 [main.py:29] : FastAPI т║ћућетЁ│жЌГ
2025-01-10 17:13:40.073 [main.py:25] : FastAPI т║ћућетљ»тіе
2025-01-10 17:13:57.952 [Monitor_DM.py:44] : тцДж║д ТхижўћтцЕуЕ║ Тђђт┐хт«ХжЕ╣сђљТхит▒▒сђЉУЄ┤ТЋгBEYONDжЄЉТЏ▓Т╝ћтћ▒С╝џ т╝ђтДІтіаУйй
2025-01-10 17:13:58.713 [Monitor_DM.py:46] : тцДж║д ТхижўћтцЕуЕ║ Тђђт┐хт«ХжЕ╣сђљТхит▒▒сђЉУЄ┤ТЋгBEYONDжЄЉТЏ▓Т╝ћтћ▒С╝џ тіаУййТѕљтіЪ
2025-01-10 17:13:58.714 [start.py:61] : уЏЉТјДт»╣У▒А сђљтїЌС║гсђЉJessie J Т╝ћтћ▒С╝џ-тїЌС║гуФЎ тіаУййтц▒У┤Ц show_id: 360282
2025-01-10 17:13:58.714 [start.py:61] : уЏЉТјДт»╣У▒А сђљТи▒тю│сђЉжЎѕтЦЋУ┐ЁFEAR and DREAMSСИќуЋїтиАтЏъТ╝ћтћ▒С╝џ№╝ЇТи▒тю│уФЎ тіаУййтц▒У┤Ц show_id: 3191333934
2025-01-10 17:13:58.714 [start.py:61] : уЏЉТјДт»╣У▒А сђљтїЌС║гсђЉJessie J Т╝ћтћ▒С╝џ-тїЌС║гуФЎ тіаУййтц▒У┤Ц show_id: 67107aebae5e8300012f5444
2025-01-10 17:13:58.715 [Monitor_DM.py:79] : тцДж║д ТхижўћтцЕуЕ║ Тђђт┐хт«ХжЕ╣сђљТхит▒▒сђЉУЄ┤ТЋгBEYONDжЄЉТЏ▓Т╝ћтћ▒С╝џ уЏЉТјДСИГ
2025-01-10 17:13:58.884 [start.py:40] : тцДж║д ТхижўћтцЕуЕ║ Тђђт┐хт«ХжЕ╣сђљТхит▒▒сђЉУЄ┤ТЋгBEYONDжЄЉТЏ▓Т╝ћтћ▒С╝џ ти▓тЏъТхЂ№╝їУ»итЈіТЌХУ┤ГуЦе№╝Ђ
2025-01-10 17:14:00.252 [Monitor_DM.py:79] : тцДж║д ТхижўћтцЕуЕ║ Тђђт┐хт«ХжЕ╣сђљТхит▒▒сђЉУЄ┤ТЋгBEYONDжЄЉТЏ▓Т╝ћтћ▒С╝џ уЏЉТјДСИГ
2025-01-10 17:14:00.462 [start.py:40] : тцДж║д ТхижўћтцЕуЕ║ Тђђт┐хт«ХжЕ╣сђљТхит▒▒сђЉУЄ┤ТЋгBEYONDжЄЉТЏ▓Т╝ћтћ▒С╝џ ти▓тЏъТхЂ№╝їУ»итЈіТЌХУ┤ГуЦе№╝Ђ
2025-01-10 17:14:01.468 [Monitor_DM.py:79] : тцДж║д ТхижўћтцЕуЕ║ Тђђт┐хт«ХжЕ╣сђљТхит▒▒сђЉУЄ┤ТЋгBEYONDжЄЉТЏ▓Т╝ћтћ▒С╝џ уЏЉТјДСИГ
2025-01-10 17:14:01.630 [start.py:40] : тцДж║д ТхижўћтцЕуЕ║ Тђђт┐хт«ХжЕ╣сђљТхит▒▒сђЉУЄ┤ТЋгBEYONDжЄЉТЏ▓Т╝ћтћ▒С╝џ ти▓тЏъТхЂ№╝їУ»итЈіТЌХУ┤ГуЦе№╝Ђ
2025-01-10 17:14:02.635 [Monitor_DM.py:79] : тцДж║д ТхижўћтцЕуЕ║ Тђђт┐хт«ХжЕ╣сђљТхит▒▒сђЉУЄ┤ТЋгBEYONDжЄЉТЏ▓Т╝ћтћ▒С╝џ уЏЉТјДСИГ
2025-01-10 17:14:02.806 [start.py:40] : тцДж║д ТхижўћтцЕуЕ║ Тђђт┐хт«ХжЕ╣сђљТхит▒▒сђЉУЄ┤ТЋгBEYONDжЄЉТЏ▓Т╝ћтћ▒С╝џ ти▓тЏъТхЂ№╝їУ»итЈіТЌХУ┤ГуЦе№╝Ђ
2025-01-10 17:14:03.810 [Monitor_DM.py:79] : тцДж║д ТхижўћтцЕуЕ║ Тђђт┐хт«ХжЕ╣сђљТхит▒▒сђЉУЄ┤ТЋгBEYONDжЄЉТЏ▓Т╝ћтћ▒С╝џ уЏЉТјДСИГ
2025-01-10 17:14:03.956 [start.py:40] : тцДж║д ТхижўћтцЕуЕ║ Тђђт┐хт«ХжЕ╣сђљТхит▒▒сђЉУЄ┤ТЋгBEYONDжЄЉТЏ▓Т╝ћтћ▒С╝џ ти▓тЏъТхЂ№╝їУ»итЈіТЌХУ┤ГуЦе№╝Ђ
2025-01-10 17:14:04.961 [Monitor_DM.py:79] : тцДж║д ТхижўћтцЕуЕ║ Тђђт┐хт«ХжЕ╣сђљТхит▒▒сђЉУЄ┤ТЋгBEYONDжЄЉТЏ▓Т╝ћтћ▒С╝џ уЏЉТјДСИГ
2025-01-10 17:14:05.145 [start.py:40] : тцДж║д ТхижўћтцЕуЕ║ Тђђт┐хт«ХжЕ╣сђљТхит▒▒сђЉУЄ┤ТЋгBEYONDжЄЉТЏ▓Т╝ћтћ▒С╝џ ти▓тЏъТхЂ№╝їУ»итЈіТЌХУ┤ГуЦе№╝Ђ
2025-01-10 17:14:06.151 [Monitor_DM.py:79] : тцДж║д ТхижўћтцЕуЕ║ Тђђт┐хт«ХжЕ╣сђљТхит▒▒сђЉУЄ┤ТЋгBEYONDжЄЉТЏ▓Т╝ћтћ▒С╝џ уЏЉТјДСИГ
2025-01-10 17:14:06.318 [start.py:40] : тцДж║д ТхижўћтцЕуЕ║ Тђђт┐хт«ХжЕ╣сђљТхит▒▒сђЉУЄ┤ТЋгBEYONDжЄЉТЏ▓Т╝ћтћ▒С╝џ ти▓тЏъТхЂ№╝їУ»итЈіТЌХУ┤ГуЦе№╝Ђ
2025-01-10 17:14:07.323 [Monitor_DM.py:79] : тцДж║д ТхижўћтцЕуЕ║ Тђђт┐хт«ХжЕ╣сђљТхит▒▒сђЉУЄ┤ТЋгBEYONDжЄЉТЏ▓Т╝ћтћ▒С╝џ уЏЉТјДСИГ
2025-01-10 17:14:07.582 [start.py:40] : тцДж║д ТхижўћтцЕуЕ║ Тђђт┐хт«ХжЕ╣сђљТхит▒▒сђЉУЄ┤ТЋгBEYONDжЄЉТЏ▓Т╝ћтћ▒С╝џ ти▓тЏъТхЂ№╝їУ»итЈіТЌХУ┤ГуЦе№╝Ђ
2025-01-10 17:14:08.589 [Monitor_DM.py:79] : тцДж║д ТхижўћтцЕуЕ║ Тђђт┐хт«ХжЕ╣сђљТхит▒▒сђЉУЄ┤ТЋгBEYONDжЄЉТЏ▓Т╝ћтћ▒С╝џ уЏЉТјДСИГ
2025-01-10 17:14:08.747 [start.py:40] : тцДж║д ТхижўћтцЕуЕ║ Тђђт┐хт«ХжЕ╣сђљТхит▒▒сђЉУЄ┤ТЋгBEYONDжЄЉТЏ▓Т╝ћтћ▒С╝џ ти▓тЏъТхЂ№╝їУ»итЈіТЌХУ┤ГуЦе№╝Ђ
2025-01-10 17:14:09.752 [Monitor_DM.py:79] : тцДж║д ТхижўћтцЕуЕ║ Тђђт┐хт«ХжЕ╣сђљТхит▒▒сђЉУЄ┤ТЋгBEYONDжЄЉТЏ▓Т╝ћтћ▒С╝џ уЏЉТјДСИГ
2025-01-10 17:14:09.915 [start.py:40] : тцДж║д ТхижўћтцЕуЕ║ Тђђт┐хт«ХжЕ╣сђљТхит▒▒сђЉУЄ┤ТЋгBEYONDжЄЉТЏ▓Т╝ћтћ▒С╝џ ти▓тЏъТхЂ№╝їУ»итЈіТЌХУ┤ГуЦе№╝Ђ
2025-01-10 17:14:11.228 [Monitor_DM.py:79] : тцДж║д ТхижўћтцЕуЕ║ Тђђт┐хт«ХжЕ╣сђљТхит▒▒сђЉУЄ┤ТЋгBEYONDжЄЉТЏ▓Т╝ћтћ▒С╝џ уЏЉТјДСИГ
2025-01-10 17:14:11.415 [start.py:40] : тцДж║д ТхижўћтцЕуЕ║ Тђђт┐хт«ХжЕ╣сђљТхит▒▒сђЉУЄ┤ТЋгBEYONDжЄЉТЏ▓Т╝ћтћ▒С╝џ ти▓тЏъТхЂ№╝їУ»итЈіТЌХУ┤ГуЦе№╝Ђ
2025-01-10 17:14:12.420 [Monitor_DM.py:79] : тцДж║д ТхижўћтцЕуЕ║ Тђђт┐хт«ХжЕ╣сђљТхит▒▒сђЉУЄ┤ТЋгBEYONDжЄЉТЏ▓Т╝ћтћ▒С╝џ уЏЉТјДСИГ
2025-01-10 17:14:12.593 [start.py:40] : тцДж║д ТхижўћтцЕуЕ║ Тђђт┐хт«ХжЕ╣сђљТхит▒▒сђЉУЄ┤ТЋгBEYONDжЄЉТЏ▓Т╝ћтћ▒С╝џ ти▓тЏъТхЂ№╝їУ»итЈіТЌХУ┤ГуЦе№╝Ђ
2025-01-10 17:14:13.598 [Monitor_DM.py:79] : тцДж║д ТхижўћтцЕуЕ║ Тђђт┐хт«ХжЕ╣сђљТхит▒▒сђЉУЄ┤ТЋгBEYONDжЄЉТЏ▓Т╝ћтћ▒С╝џ уЏЉТјДСИГ
2025-01-10 17:14:13.762 [start.py:40] : тцДж║д ТхижўћтцЕуЕ║ Тђђт┐хт«ХжЕ╣сђљТхит▒▒сђЉУЄ┤ТЋгBEYONDжЄЉТЏ▓Т╝ћтћ▒С╝џ ти▓тЏъТхЂ№╝їУ»итЈіТЌХУ┤ГуЦе№╝Ђ
2025-01-10 17:14:14.768 [Monitor_DM.py:79] : тцДж║д ТхижўћтцЕуЕ║ Тђђт┐хт«ХжЕ╣сђљТхит▒▒сђЉУЄ┤ТЋгBEYONDжЄЉТЏ▓Т╝ћтћ▒С╝џ уЏЉТјДСИГ
2025-01-10 17:14:14.957 [start.py:40] : тцДж║д ТхижўћтцЕуЕ║ Тђђт┐хт«ХжЕ╣сђљТхит▒▒сђЉУЄ┤ТЋгBEYONDжЄЉТЏ▓Т╝ћтћ▒С╝џ ти▓тЏъТхЂ№╝їУ»итЈіТЌХУ┤ГуЦе№╝Ђ
2025-01-10 17:14:15.962 [Monitor_DM.py:79] : тцДж║д ТхижўћтцЕуЕ║ Тђђт┐хт«ХжЕ╣сђљТхит▒▒сђЉУЄ┤ТЋгBEYONDжЄЉТЏ▓Т╝ћтћ▒С╝џ уЏЉТјДСИГ
2025-01-10 17:14:16.119 [start.py:40] : тцДж║д ТхижўћтцЕуЕ║ Тђђт┐хт«ХжЕ╣сђљТхит▒▒сђЉУЄ┤ТЋгBEYONDжЄЉТЏ▓Т╝ћтћ▒С╝џ ти▓тЏъТхЂ№╝їУ»итЈіТЌХУ┤ГуЦе№╝Ђ
2025-01-10 17:14:17.124 [Monitor_DM.py:79] : тцДж║д ТхижўћтцЕуЕ║ Тђђт┐хт«ХжЕ╣сђљТхит▒▒сђЉУЄ┤ТЋгBEYONDжЄЉТЏ▓Т╝ћтћ▒С╝џ уЏЉТјДСИГ
2025-01-10 17:14:17.273 [start.py:40] : тцДж║д ТхижўћтцЕуЕ║ Тђђт┐хт«ХжЕ╣сђљТхит▒▒сђЉУЄ┤ТЋгBEYONDжЄЉТЏ▓Т╝ћтћ▒С╝џ ти▓тЏъТхЂ№╝їУ»итЈіТЌХУ┤ГуЦе№╝Ђ
2025-01-10 17:14:18.279 [Monitor_DM.py:79] : тцДж║д ТхижўћтцЕуЕ║ Тђђт┐хт«ХжЕ╣сђљТхит▒▒сђЉУЄ┤ТЋгBEYONDжЄЉТЏ▓Т╝ћтћ▒С╝џ уЏЉТјДСИГ
2025-01-10 17:14:18.426 [start.py:40] : тцДж║д ТхижўћтцЕуЕ║ Тђђт┐хт«ХжЕ╣сђљТхит▒▒сђЉУЄ┤ТЋгBEYONDжЄЉТЏ▓Т╝ћтћ▒С╝џ ти▓тЏъТхЂ№╝їУ»итЈіТЌХУ┤ГуЦе№╝Ђ
2025-01-10 17:14:19.430 [Monitor_DM.py:79] : тцДж║д ТхижўћтцЕуЕ║ Тђђт┐хт«ХжЕ╣сђљТхит▒▒сђЉУЄ┤ТЋгBEYONDжЄЉТЏ▓Т╝ћтћ▒С╝џ уЏЉТјДСИГ
2025-01-10 17:14:19.604 [start.py:40] : тцДж║д ТхижўћтцЕуЕ║ Тђђт┐хт«ХжЕ╣сђљТхит▒▒сђЉУЄ┤ТЋгBEYONDжЄЉТЏ▓Т╝ћтћ▒С╝џ ти▓тЏъТхЂ№╝їУ»итЈіТЌХУ┤ГуЦе№╝Ђ
2025-01-10 17:14:20.609 [Monitor_DM.py:79] : тцДж║д ТхижўћтцЕуЕ║ Тђђт┐хт«ХжЕ╣сђљТхит▒▒сђЉУЄ┤ТЋгBEYONDжЄЉТЏ▓Т╝ћтћ▒С╝џ уЏЉТјДСИГ
2025-01-10 17:14:20.775 [start.py:40] : тцДж║д ТхижўћтцЕуЕ║ Тђђт┐хт«ХжЕ╣сђљТхит▒▒сђЉУЄ┤ТЋгBEYONDжЄЉТЏ▓Т╝ћтћ▒С╝џ ти▓тЏъТхЂ№╝їУ»итЈіТЌХУ┤ГуЦе№╝Ђ
2025-01-10 17:14:22.050 [Monitor_DM.py:79] : тцДж║д ТхижўћтцЕуЕ║ Тђђт┐хт«ХжЕ╣сђљТхит▒▒сђЉУЄ┤ТЋгBEYONDжЄЉТЏ▓Т╝ћтћ▒С╝џ уЏЉТјДСИГ
2025-01-10 17:14:22.247 [start.py:40] : тцДж║д ТхижўћтцЕуЕ║ Тђђт┐хт«ХжЕ╣сђљТхит▒▒сђЉУЄ┤ТЋгBEYONDжЄЉТЏ▓Т╝ћтћ▒С╝џ ти▓тЏъТхЂ№╝їУ»итЈіТЌХУ┤ГуЦе№╝Ђ
2025-01-10 17:14:23.249 [Monitor_DM.py:79] : тцДж║д ТхижўћтцЕуЕ║ Тђђт┐хт«ХжЕ╣сђљТхит▒▒сђЉУЄ┤ТЋгBEYONDжЄЉТЏ▓Т╝ћтћ▒С╝џ уЏЉТјДСИГ
2025-01-10 17:14:23.445 [start.py:40] : тцДж║д ТхижўћтцЕуЕ║ Тђђт┐хт«ХжЕ╣сђљТхит▒▒сђЉУЄ┤ТЋгBEYONDжЄЉТЏ▓Т╝ћтћ▒С╝џ ти▓тЏъТхЂ№╝їУ»итЈіТЌХУ┤ГуЦе№╝Ђ
2025-01-10 17:14:24.450 [Monitor_DM.py:79] : тцДж║д ТхижўћтцЕуЕ║ Тђђт┐хт«ХжЕ╣сђљТхит▒▒сђЉУЄ┤ТЋгBEYONDжЄЉТЏ▓Т╝ћтћ▒С╝џ уЏЉТјДСИГ
2025-01-10 17:14:24.599 [start.py:40] : тцДж║д ТхижўћтцЕуЕ║ Тђђт┐хт«ХжЕ╣сђљТхит▒▒сђЉУЄ┤ТЋгBEYONDжЄЉТЏ▓Т╝ћтћ▒С╝џ ти▓тЏъТхЂ№╝їУ»итЈіТЌХУ┤ГуЦе№╝Ђ
2025-01-10 17:14:25.604 [Monitor_DM.py:79] : тцДж║д ТхижўћтцЕуЕ║ Тђђт┐хт«ХжЕ╣сђљТхит▒▒сђЉУЄ┤ТЋгBEYONDжЄЉТЏ▓Т╝ћтћ▒С╝џ уЏЉТјДСИГ
2025-01-10 17:14:25.754 [start.py:40] : тцДж║д ТхижўћтцЕуЕ║ Тђђт┐хт«ХжЕ╣сђљТхит▒▒сђЉУЄ┤ТЋгBEYONDжЄЉТЏ▓Т╝ћтћ▒С╝џ ти▓тЏъТхЂ№╝їУ»итЈіТЌХУ┤ГуЦе№╝Ђ
2025-01-10 17:14:26.760 [Monitor_DM.py:79] : тцДж║д ТхижўћтцЕуЕ║ Тђђт┐хт«ХжЕ╣сђљТхит▒▒сђЉУЄ┤ТЋгBEYONDжЄЉТЏ▓Т╝ћтћ▒С╝џ уЏЉТјДСИГ
2025-01-10 17:14:26.931 [start.py:40] : тцДж║д ТхижўћтцЕуЕ║ Тђђт┐хт«ХжЕ╣сђљТхит▒▒сђЉУЄ┤ТЋгBEYONDжЄЉТЏ▓Т╝ћтћ▒С╝џ ти▓тЏъТхЂ№╝їУ»итЈіТЌХУ┤ГуЦе№╝Ђ
2025-01-10 17:14:27.936 [Monitor_DM.py:79] : тцДж║д ТхижўћтцЕуЕ║ Тђђт┐хт«ХжЕ╣сђљТхит▒▒сђЉУЄ┤ТЋгBEYONDжЄЉТЏ▓Т╝ћтћ▒С╝џ уЏЉТјДСИГ
2025-01-10 17:14:28.103 [start.py:40] : тцДж║д ТхижўћтцЕуЕ║ Тђђт┐хт«ХжЕ╣сђљТхит▒▒сђЉУЄ┤ТЋгBEYONDжЄЉТЏ▓Т╝ћтћ▒С╝џ ти▓тЏъТхЂ№╝їУ»итЈіТЌХУ┤ГуЦе№╝Ђ
2025-01-10 17:14:29.108 [Monitor_DM.py:79] : тцДж║д ТхижўћтцЕуЕ║ Тђђт┐хт«ХжЕ╣сђљТхит▒▒сђЉУЄ┤ТЋгBEYONDжЄЉТЏ▓Т╝ћтћ▒С╝џ уЏЉТјДСИГ
2025-01-10 17:14:29.276 [start.py:40] : тцДж║д ТхижўћтцЕуЕ║ Тђђт┐хт«ХжЕ╣сђљТхит▒▒сђЉУЄ┤ТЋгBEYONDжЄЉТЏ▓Т╝ћтћ▒С╝џ ти▓тЏъТхЂ№╝їУ»итЈіТЌХУ┤ГуЦе№╝Ђ
2025-01-10 17:14:30.278 [Monitor_DM.py:79] : тцДж║д ТхижўћтцЕуЕ║ Тђђт┐хт«ХжЕ╣сђљТхит▒▒сђЉУЄ┤ТЋгBEYONDжЄЉТЏ▓Т╝ћтћ▒С╝џ уЏЉТјДСИГ
2025-01-10 17:14:30.444 [start.py:40] : тцДж║д ТхижўћтцЕуЕ║ Тђђт┐хт«ХжЕ╣сђљТхит▒▒сђЉУЄ┤ТЋгBEYONDжЄЉТЏ▓Т╝ћтћ▒С╝џ ти▓тЏъТхЂ№╝їУ»итЈіТЌХУ┤ГуЦе№╝Ђ
2025-01-10 17:33:29.545 [main.py:25] : FastAPI т║ћућетљ»тіе
2025-01-10 17:34:25.854 [Monitor_DM.py:44] : тцДж║д ТхижўћтцЕуЕ║ Тђђт┐хт«ХжЕ╣сђљТхит▒▒сђЉУЄ┤ТЋгBEYONDжЄЉТЏ▓Т╝ћтћ▒С╝џ т╝ђтДІтіаУйй
2025-01-10 17:34:26.412 [Monitor_DM.py:46] : тцДж║д ТхижўћтцЕуЕ║ Тђђт┐хт«ХжЕ╣сђљТхит▒▒сђЉУЄ┤ТЋгBEYONDжЄЉТЏ▓Т╝ћтћ▒С╝џ тіаУййТѕљтіЪ
2025-01-10 17:34:26.413 [start.py:61] : уЏЉТјДт»╣У▒А сђљтїЌС║гсђЉJessie J Т╝ћтћ▒С╝џ-тїЌС║гуФЎ тіаУййтц▒У┤Ц show_id: 360282
2025-01-10 17:34:26.413 [start.py:61] : уЏЉТјДт»╣У▒А сђљТи▒тю│сђЉжЎѕтЦЋУ┐ЁFEAR and DREAMSСИќуЋїтиАтЏъТ╝ћтћ▒С╝џ№╝ЇТи▒тю│уФЎ тіаУййтц▒У┤Ц show_id: 3191333934
2025-01-10 17:34:26.413 [start.py:61] : уЏЉТјДт»╣У▒А сђљтїЌС║гсђЉJessie J Т╝ћтћ▒С╝џ-тїЌС║гуФЎ тіаУййтц▒У┤Ц show_id: 67107aebae5e8300012f5444
2025-01-10 17:34:26.415 [Monitor_DM.py:79] : тцДж║д ТхижўћтцЕуЕ║ Тђђт┐хт«ХжЕ╣сђљТхит▒▒сђЉУЄ┤ТЋгBEYONDжЄЉТЏ▓Т╝ћтћ▒С╝џ уЏЉТјДСИГ
2025-01-10 17:34:26.580 [start.py:40] : тцДж║д ТхижўћтцЕуЕ║ Тђђт┐хт«ХжЕ╣сђљТхит▒▒сђЉУЄ┤ТЋгBEYONDжЄЉТЏ▓Т╝ћтћ▒С╝џ ти▓тЏъТхЂ№╝їУ»итЈіТЌХУ┤ГуЦе№╝Ђ
2025-01-10 17:34:27.886 [Monitor_DM.py:79] : тцДж║д ТхижўћтцЕуЕ║ Тђђт┐хт«ХжЕ╣сђљТхит▒▒сђЉУЄ┤ТЋгBEYONDжЄЉТЏ▓Т╝ћтћ▒С╝џ уЏЉТјДСИГ
2025-01-10 17:34:28.494 [start.py:40] : тцДж║д ТхижўћтцЕуЕ║ Тђђт┐хт«ХжЕ╣сђљТхит▒▒сђЉУЄ┤ТЋгBEYONDжЄЉТЏ▓Т╝ћтћ▒С╝џ ти▓тЏъТхЂ№╝їУ»итЈіТЌХУ┤ГуЦе№╝Ђ
2025-01-10 17:34:29.502 [Monitor_DM.py:79] : тцДж║д ТхижўћтцЕуЕ║ Тђђт┐хт«ХжЕ╣сђљТхит▒▒сђЉУЄ┤ТЋгBEYONDжЄЉТЏ▓Т╝ћтћ▒С╝џ уЏЉТјДСИГ
2025-01-10 17:34:29.688 [start.py:40] : тцДж║д ТхижўћтцЕуЕ║ Тђђт┐хт«ХжЕ╣сђљТхит▒▒сђЉУЄ┤ТЋгBEYONDжЄЉТЏ▓Т╝ћтћ▒С╝џ ти▓тЏъТхЂ№╝їУ»итЈіТЌХУ┤ГуЦе№╝Ђ
2025-01-10 17:34:30.693 [Monitor_DM.py:79] : тцДж║д ТхижўћтцЕуЕ║ Тђђт┐хт«ХжЕ╣сђљТхит▒▒сђЉУЄ┤ТЋгBEYONDжЄЉТЏ▓Т╝ћтћ▒С╝џ уЏЉТјДСИГ
2025-01-10 17:34:30.851 [start.py:40] : тцДж║д ТхижўћтцЕуЕ║ Тђђт┐хт«ХжЕ╣сђљТхит▒▒сђЉУЄ┤ТЋгBEYONDжЄЉТЏ▓Т╝ћтћ▒С╝џ ти▓тЏъТхЂ№╝їУ»итЈіТЌХУ┤ГуЦе№╝Ђ
2025-01-10 17:34:31.856 [Monitor_DM.py:79] : тцДж║д ТхижўћтцЕуЕ║ Тђђт┐хт«ХжЕ╣сђљТхит▒▒сђЉУЄ┤ТЋгBEYONDжЄЉТЏ▓Т╝ћтћ▒С╝џ уЏЉТјДСИГ
2025-01-10 17:34:32.039 [start.py:40] : тцДж║д ТхижўћтцЕуЕ║ Тђђт┐хт«ХжЕ╣сђљТхит▒▒сђЉУЄ┤ТЋгBEYONDжЄЉТЏ▓Т╝ћтћ▒С╝џ ти▓тЏъТхЂ№╝їУ»итЈіТЌХУ┤ГуЦе№╝Ђ
2025-01-10 22:56:43.734 [main.py:25] : FastAPI МдМ├кЗХ»
2025-01-10 22:57:08.180 [main.py:29] : FastAPI МдМ├╣п▒Н
2025-01-10 22:57:32.934 [main.py:25] : FastAPI МдМ├кЗХ»
2025-01-11 11:14:45.882 [main.py:25] : FastAPI т║ћућетљ»тіе
2025-01-11 11:15:30.369 [damai.py:209] : УјитЈќтцДж║дуйЉТЋ░ТЇ«тц▒У┤Ц№╝ї
ТјЦтЈБ: get_user_info_web, 
жћЎУ»»: Expecting value: line 1 column 1 (char 0)
2025-01-11 11:15:40.568 [damai.py:209] : УјитЈќтцДж║дуйЉТЋ░ТЇ«тц▒У┤Ц№╝ї
ТјЦтЈБ: get_user_info_web, 
жћЎУ»»: Expecting value: line 1 column 1 (char 0)
2025-01-11 11:16:41.598 [damai.py:209] : УјитЈќтцДж║дуйЉТЋ░ТЇ«тц▒У┤Ц№╝ї
ТјЦтЈБ: get_user_info_web, 
жћЎУ»»: Expecting value: line 1 column 1 (char 0)
2025-01-11 11:17:46.586 [main.py:29] : FastAPI т║ћућетЁ│жЌГ
2025-01-11 11:17:47.670 [main.py:25] : FastAPI т║ћућетљ»тіе
2025-01-11 11:19:08.677 [main.py:29] : FastAPI т║ћућетЁ│жЌГ
2025-01-11 11:19:09.440 [main.py:25] : FastAPI т║ћућетљ»тіе
2025-01-11 11:19:48.939 [main.py:29] : FastAPI т║ћућетЁ│жЌГ
2025-01-11 11:19:49.999 [main.py:25] : FastAPI т║ћућетљ»тіе
2025-01-11 11:20:28.018 [Login_DM.py:226] : тєЎтЁЦdb_config.jsonТќЄС╗Хтц▒У┤Ц№╝їТќ╣Т│Ћ№╝џwrite_db_config_json№╝ї
жћЎУ»»: Expecting value: line 1 column 1 (char 0)
2025-01-11 11:38:51.571 [main.py:29] : FastAPI т║ћућетЁ│жЌГ
2025-01-11 11:38:53.593 [main.py:25] : FastAPI т║ћућетљ»тіе
2025-01-11 11:39:10.278 [main.py:29] : FastAPI т║ћућетЁ│жЌГ
2025-01-11 11:39:11.101 [main.py:25] : FastAPI т║ћућетљ»тіе
2025-01-11 11:39:35.343 [Login_DM.py:227] : тєЎтЁЦdb_config.jsonТќЄС╗Хтц▒У┤Ц№╝їТќ╣Т│Ћ№╝џwrite_db_config_json№╝ї
жћЎУ»»: Expecting value: line 1 column 1 (char 0)
2025-01-11 11:40:57.134 [main.py:29] : FastAPI т║ћућетЁ│жЌГ
2025-01-11 11:40:58.088 [main.py:25] : FastAPI т║ћућетљ»тіе
2025-01-11 11:41:20.604 [Login_DM.py:227] : тєЎтЁЦdb_config.jsonТќЄС╗Хтц▒У┤Ц№╝ї
Тќ╣Т│Ћ№╝џwrite_db_config_json№╝ї
жћЎУ»»: Expecting value: line 1 column 1 (char 0)
2025-01-11 11:41:53.306 [main.py:29] : FastAPI т║ћућетЁ│жЌГ
2025-01-11 11:41:54.272 [main.py:25] : FastAPI т║ћућетљ»тіе
2025-01-11 11:42:29.101 [Login_DM.py:227] : 
тєЎтЁЦdb_config.jsonТќЄС╗Хтц▒У┤Ц№╝ї
Тќ╣Т│Ћ№╝џwrite_db_config_json№╝ї
жћЎУ»»: Expecting value: line 1 column 1 (char 0)
2025-01-11 11:43:00.549 [main.py:29] : FastAPI т║ћућетЁ│жЌГ
2025-01-11 11:43:01.388 [main.py:25] : FastAPI т║ћућетљ»тіе
2025-01-11 11:43:15.861 [Login_DM.py:228] : 
тєЎтЁЦdb_config.jsonТќЄС╗Хтц▒У┤Ц№╝ї
Тќ╣Т│Ћ№╝џwrite_db_config_json№╝ї
жћЎУ»»: Expecting value: line 1 column 1 (char 0)
2025-01-11 11:44:41.187 [main.py:29] : FastAPI т║ћућетЁ│жЌГ
2025-01-11 11:44:42.077 [main.py:25] : FastAPI т║ћућетљ»тіе
2025-01-11 11:44:59.119 [Login_DM.py:229] : 
тєЎтЁЦdb_config.jsonТќЄС╗Хтц▒У┤Ц№╝ї
Тќ╣Т│Ћ№╝џwrite_db_config_json№╝ї
жћЎУ»»: Expecting value: line 1 column 1 (char 0)
2025-01-11 11:48:43.400 [main.py:29] : FastAPI т║ћућетЁ│жЌГ
2025-01-11 11:48:45.362 [main.py:25] : FastAPI т║ћућетљ»тіе
2025-01-11 11:49:02.397 [Login_DM.py:229] : 
тєЎтЁЦdb_config.jsonТќЄС╗Хтц▒У┤Ц№╝ї
Тќ╣Т│Ћ№╝џwrite_db_config_json№╝ї
жћЎУ»»: stat: path should be string, bytes, os.PathLike or integer, not TextIOWrapper
2025-01-11 11:49:41.589 [main.py:29] : FastAPI т║ћућетЁ│жЌГ
2025-01-11 11:49:42.773 [main.py:25] : FastAPI т║ћућетљ»тіе
2025-01-11 11:50:05.009 [Login_DM.py:231] : 
тєЎтЁЦdb_config.jsonТќЄС╗Хтц▒У┤Ц№╝ї
Тќ╣Т│Ћ№╝џwrite_db_config_json№╝ї
жћЎУ»»: stat: path should be string, bytes, os.PathLike or integer, not TextIOWrapper
2025-01-11 11:50:39.905 [main.py:29] : FastAPI т║ћућетЁ│жЌГ
2025-01-11 11:50:40.932 [main.py:25] : FastAPI т║ћућетљ»тіе
2025-01-11 11:50:56.670 [Login_DM.py:231] : 
тєЎтЁЦdb_config.jsonТќЄС╗Хтц▒У┤Ц№╝ї
Тќ╣Т│Ћ№╝џwrite_db_config_json№╝ї
жћЎУ»»: [Errno 2] No such file or directory: ''
2025-01-11 11:54:07.272 [main.py:29] : FastAPI т║ћућетЁ│жЌГ
2025-01-11 11:54:08.425 [main.py:25] : FastAPI т║ћућетљ»тіе
2025-01-11 11:54:45.832 [main.py:29] : FastAPI т║ћућетЁ│жЌГ
2025-01-11 11:54:46.759 [main.py:25] : FastAPI т║ћућетљ»тіе
2025-01-11 11:58:12.669 [main.py:29] : FastAPI т║ћућетЁ│жЌГ
2025-01-11 11:58:13.561 [main.py:25] : FastAPI т║ћућетљ»тіе
2025-01-11 12:02:25.341 [main.py:29] : FastAPI т║ћућетЁ│жЌГ
2025-01-11 12:07:00.161 [main.py:25] : FastAPI т║ћућетљ»тіе
2025-01-11 12:08:15.971 [main.py:29] : FastAPI т║ћућетЁ│жЌГ
2025-01-11 12:08:16.865 [main.py:25] : FastAPI т║ћућетљ»тіе
2025-01-11 12:10:41.625 [main.py:29] : FastAPI т║ћућетЁ│жЌГ
2025-01-11 12:11:00.339 [main.py:25] : FastAPI т║ћућетљ»тіе
2025-01-11 12:12:04.235 [main.py:29] : FastAPI т║ћућетЁ│жЌГ
2025-01-11 12:12:05.033 [main.py:25] : FastAPI т║ћућетљ»тіе
2025-01-11 12:12:43.760 [damai.py:300] : УјитЈќтцДж║дуйЉТЋ░ТЇ«тц▒У┤Ц№╝ї
ТјЦтЈБ: get_item_detail_web, 
жћЎУ»»: can only concatenate str (not "NoneType") to str
2025-01-11 12:15:23.220 [main.py:29] : FastAPI т║ћућетЁ│жЌГ
2025-01-11 12:15:24.458 [main.py:25] : FastAPI т║ћућетљ»тіе
2025-01-11 12:15:39.664 [main.py:29] : FastAPI т║ћућетЁ│жЌГ
2025-01-11 12:15:40.553 [main.py:25] : FastAPI т║ћућетљ»тіе
2025-01-11 12:15:57.602 [main.py:29] : FastAPI т║ћућетЁ│жЌГ
2025-01-11 12:15:58.525 [main.py:25] : FastAPI т║ћућетљ»тіе
2025-01-11 12:16:51.527 [damai.py:300] : УјитЈќтцДж║дуйЉТЋ░ТЇ«тц▒У┤Ц№╝ї
ТјЦтЈБ: get_item_detail_web, 
жћЎУ»»: 'DamaiService' object has no attribute '_proxy'
2025-01-11 12:17:11.596 [main.py:29] : FastAPI т║ћућетЁ│жЌГ
2025-01-11 12:17:12.423 [main.py:25] : FastAPI т║ћућетљ»тіе
2025-01-11 12:19:22.813 [main.py:29] : FastAPI т║ћућетЁ│жЌГ
2025-01-11 12:19:23.771 [main.py:25] : FastAPI т║ћућетљ»тіе
2025-01-11 12:19:38.343 [main.py:29] : FastAPI т║ћућетЁ│жЌГ
2025-01-11 12:19:39.212 [main.py:25] : FastAPI т║ћућетљ»тіе
2025-01-11 14:06:55.624 [main.py:29] : FastAPI т║ћућетЁ│жЌГ
2025-01-11 14:06:58.781 [main.py:25] : FastAPI т║ћућетљ»тіе
2025-01-11 14:12:09.351 [main.py:29] : FastAPI т║ћућетЁ│жЌГ
2025-01-11 14:12:10.601 [main.py:25] : FastAPI т║ћућетљ»тіе
2025-01-11 14:13:12.273 [main.py:29] : FastAPI т║ћућетЁ│жЌГ
2025-01-11 14:13:13.105 [main.py:25] : FastAPI т║ћућетљ»тіе
2025-01-11 14:13:20.690 [main.py:29] : FastAPI т║ћућетЁ│жЌГ
2025-01-11 14:13:22.711 [main.py:25] : FastAPI т║ћућетљ»тіе
2025-01-11 14:14:38.821 [main.py:29] : FastAPI т║ћућетЁ│жЌГ
2025-01-11 14:14:40.006 [main.py:25] : FastAPI т║ћућетљ»тіе
2025-01-11 14:15:45.660 [main.py:29] : FastAPI т║ћућетЁ│жЌГ
2025-01-11 14:15:47.010 [main.py:25] : FastAPI т║ћућетљ»тіе
2025-01-11 14:16:13.222 [main.py:29] : FastAPI т║ћућетЁ│жЌГ
2025-01-11 14:16:14.436 [main.py:25] : FastAPI т║ћућетљ»тіе
2025-01-11 14:16:38.055 [main.py:29] : FastAPI т║ћућетЁ│жЌГ
2025-01-11 14:16:39.132 [main.py:25] : FastAPI т║ћућетљ»тіе
2025-01-11 14:24:54.453 [main.py:29] : FastAPI т║ћућетЁ│жЌГ
2025-01-11 14:24:59.274 [main.py:25] : FastAPI т║ћућетљ»тіе
2025-01-11 14:25:46.156 [main.py:29] : FastAPI т║ћућетЁ│жЌГ
2025-01-11 14:25:46.936 [main.py:25] : FastAPI т║ћућетљ»тіе
2025-01-11 14:25:48.959 [main.py:29] : FastAPI т║ћућетЁ│жЌГ
2025-01-11 14:25:49.937 [main.py:25] : FastAPI т║ћућетљ»тіе
2025-01-11 14:29:12.056 [main.py:29] : FastAPI т║ћућетЁ│жЌГ
2025-01-11 14:29:12.976 [main.py:25] : FastAPI т║ћућетљ»тіе
2025-01-11 14:31:09.333 [main.py:29] : FastAPI т║ћућетЁ│жЌГ
2025-01-11 14:34:38.622 [main.py:25] : FastAPI т║ћућетљ»тіе
2025-01-11 14:44:10.758 [main.py:29] : FastAPI т║ћућетЁ│жЌГ
2025-01-11 14:44:11.860 [main.py:25] : FastAPI т║ћућетљ»тіе
2025-01-11 14:44:29.492 [main.py:29] : FastAPI т║ћућетЁ│жЌГ
2025-01-11 14:44:30.667 [main.py:25] : FastAPI т║ћућетљ»тіе
2025-01-11 14:45:21.584 [main.py:29] : FastAPI т║ћућетЁ│жЌГ
2025-01-11 14:45:22.364 [main.py:25] : FastAPI т║ћућетљ»тіе
2025-01-11 14:45:25.200 [main.py:29] : FastAPI т║ћућетЁ│жЌГ
2025-01-11 14:45:25.933 [main.py:25] : FastAPI т║ћућетљ»тіе
2025-01-11 14:46:08.225 [main.py:29] : FastAPI т║ћућетЁ│жЌГ
2025-01-11 14:46:09.027 [main.py:25] : FastAPI т║ћућетљ»тіе
2025-01-11 14:46:54.922 [main.py:29] : FastAPI т║ћућетЁ│жЌГ
2025-01-11 14:46:56.616 [main.py:25] : FastAPI т║ћућетљ»тіе
2025-01-11 14:49:20.916 [main.py:29] : FastAPI т║ћућетЁ│жЌГ
2025-01-11 14:49:21.876 [main.py:25] : FastAPI т║ћућетљ»тіе
2025-01-11 16:52:13.428 [main.py:29] : FastAPI т║ћућетЁ│жЌГ
2025-01-11 16:52:14.701 [main.py:25] : FastAPI т║ћућетљ»тіе
2025-01-11 16:53:43.838 [main.py:29] : FastAPI т║ћућетЁ│жЌГ
2025-01-11 16:53:44.819 [main.py:25] : FastAPI т║ћућетљ»тіе
2025-01-11 16:56:20.628 [main.py:29] : FastAPI т║ћућетЁ│жЌГ
2025-01-11 16:56:21.830 [main.py:25] : FastAPI т║ћућетљ»тіе
2025-01-11 16:56:40.058 [main.py:29] : FastAPI т║ћућетЁ│жЌГ
2025-01-11 16:56:40.828 [main.py:25] : FastAPI т║ћућетљ»тіе
2025-01-11 17:00:34.659 [main.py:29] : FastAPI т║ћућетЁ│жЌГ
2025-01-11 17:00:36.524 [main.py:25] : FastAPI т║ћућетљ»тіе
2025-01-11 17:05:40.939 [main.py:29] : FastAPI т║ћућетЁ│жЌГ
2025-01-11 17:05:42.305 [main.py:25] : FastAPI т║ћућетљ»тіе
2025-01-11 17:08:15.552 [main.py:29] : FastAPI т║ћућетЁ│жЌГ
2025-01-11 17:08:17.300 [main.py:25] : FastAPI т║ћућетљ»тіе
2025-01-11 17:08:42.193 [main.py:29] : FastAPI т║ћућетЁ│жЌГ
2025-01-12 22:23:47.264 [main.py:25] : FastAPI МдМ├кЗХ»
2025-01-12 23:23:58.050 [main.py:29] : FastAPI МдМ├╣п▒Н
2025-01-12 23:24:00.342 [main.py:25] : FastAPI МдМ├кЗХ»
2025-01-12 23:24:02.782 [main.py:29] : FastAPI МдМ├╣п▒Н
